2025-03-17 21:34:17 - [32minfo[39m: Running SDK with args /Users/arcadiobuelvas/.nvm/versions/node/v20.15.0/bin/node /Users/arcadiobuelvas/Desktop/FuseAutomation/node_modules/.bin/browserstack-node-sdk playwright test
2025-03-17 21:34:17 - [32minfo[39m: Reading configs from /Users/arcadiobuelvas/Desktop/FuseAutomation/browserstack.yml
2025-03-17 21:34:17 - [31merror[39m: end of the stream or a document separator is expected (7:1)

 4 | osVersion: 11
 5 | browserName: chrome
 6 | browserVersion: latest
 7 | - os: OS X
-----^
 8 | osVersion: Ventura
 9 | browserName: playwright-webkit
2025-03-17 21:34:17 - [32minfo[39m: SDK run started with id: d7f03938-7c95-4895-9e33-9f3c63024544
2025-03-17 21:34:17 - [31merror[39m: Error: end of the stream or a document separator is expected (7:1)

 4 | osVersion: 11
 5 | browserName: chrome
 6 | browserVersion: latest
 7 | - os: OS X
-----^
 8 | osVersion: Ventura
 9 | browserName: playwright-webkit
    at new BrowserStackSetup (/Users/arcadiobuelvas/Desktop/FuseAutomation/node_modules/browserstack-node-sdk/src/helpers/BrowserStackSetup.js:1:11858)
    at run (/Users/arcadiobuelvas/Desktop/FuseAutomation/node_modules/browserstack-node-sdk/src/bin/playwright/command.js:2:10096)
    at Object.qZgAe (/Users/arcadiobuelvas/Desktop/FuseAutomation/node_modules/browserstack-node-sdk/src/bin/runner.js:2:1372)
    at captureError (/Users/arcadiobuelvas/Desktop/FuseAutomation/node_modules/browserstack-node-sdk/src/bin/runner.js:2:1537)
    at Object.OktHa (/Users/arcadiobuelvas/Desktop/FuseAutomation/node_modules/browserstack-node-sdk/src/bin/runner.js:2:9229)
    at /Users/arcadiobuelvas/Desktop/FuseAutomation/node_modules/browserstack-node-sdk/src/bin/runner.js:2:9441
    at _.applyBuilderUpdateUsageAndParse (/Users/arcadiobuelvas/Desktop/FuseAutomation/node_modules/yargs/build/index.cjs:1:7435)
    at _.runCommand (/Users/arcadiobuelvas/Desktop/FuseAutomation/node_modules/yargs/build/index.cjs:1:7078)
    at [runYargsParserAndExecuteCommands] (/Users/arcadiobuelvas/Desktop/FuseAutomation/node_modules/yargs/build/index.cjs:1:58539)
    at te.parse (/Users/arcadiobuelvas/Desktop/FuseAutomation/node_modules/yargs/build/index.cjs:1:40478)
2025-03-17 21:34:17 - [34mdebug[39m: requireModuleV3 :: module - @playwright/test/package.json, package - @playwright/test
2025-03-17 21:34:17 - [34mdebug[39m: Resolved from resolveModuleV3 :: Path - /Users/arcadiobuelvas/Desktop/FuseAutomation/node_modules/@playwright/test/package.json
2025-03-17 21:34:17 - [34mdebug[39m: requireModuleV3 :: module - selenium-webdriver/package.json, package - selenium-webdriver
2025-03-17 21:34:17 - [34mdebug[39m: Unable to resolve module with requireModuleV3 with error: Error: Cannot find module 'selenium-webdriver'
Require stack:
- /Users/arcadiobuelvas/Desktop/FuseAutomation/node_modules/browserstack-node-sdk/src/helpers/helper.js
- /Users/arcadiobuelvas/Desktop/FuseAutomation/node_modules/browserstack-node-sdk/src/bin/runner.js
2025-03-17 21:34:17 - [34mdebug[39m: requireModuleV2 :: module - selenium-webdriver/package.json, package - selenium-webdriver
2025-03-17 21:34:17 - [34mdebug[39m: Getting selenium-webdriver/package.json from /Users/arcadiobuelvas/Desktop/FuseAutomation
2025-03-17 21:34:17 - [34mdebug[39m: selenium-webdriver/package.json doesn't exist at /Users/arcadiobuelvas/Desktop/FuseAutomation
2025-03-17 21:34:17 - [34mdebug[39m: Getting selenium-webdriver/package.json from path /Users/arcadiobuelvas/Desktop/FuseAutomation
2025-03-17 21:34:17 - [34mdebug[39m: Getting selenium-webdriver/package.json from /Users/arcadiobuelvas/.nvm/versions/node/v20.15.0/lib/node_modules
2025-03-17 21:34:17 - [34mdebug[39m: Error while loading package. Error: selenium-webdriver/package.json doesn't exist.
2025-03-17 21:34:17 - [34mdebug[39m: requireModuleV3 :: module - playwright/lib/transform/transform.js, package - playwright
2025-03-17 21:34:17 - [34mdebug[39m: Resolved from resolveModuleV3 :: Path - /Users/arcadiobuelvas/Desktop/FuseAutomation/node_modules/playwright/lib/transform/transform.js
2025-03-17 21:34:17 - [34mdebug[39m: Firing SDK event for funnel data: {"event_type":"SDKTestSuccessful","detectedFramework":"Playwright","optimalHubUrl":[],"event_properties":{"testhub_uuid":"","sdkRunId":"d7f03938-7c95-4895-9e33-9f3c63024544","product_map":{"observability":true,"accessibility":false,"percy":false,"automate":true,"app_automate":false,"central_scanner":false},"productMap":{"observability":true,"accessibility":false,"percy":false,"automate":true,"app_automate":false,"central_scanner":false},"language_framework":"unknown","referrer":"Playwright-nodeagent/1.34.44","frameworkVersion":"1.51.1","automationFramework":"selenium","automationFrameworkVersion":null,"language":"nodejs","languageVersion":"v20.15.0","product":["automate","observability"],"buildName":"undefined","buildIdentifier":"null","os":"Darwin","hostname":"Arcadios-MacBook-Pro.local","globalException":"end of the stream or a document separator is expected (7:1)\n\n 4 | osVersion: 11\n 5 | browserName: chrome\n 6 | browserVersion: latest\n 7 | - os: OS X\n-----^\n 8 | osVersion: Ventura\n 9 | browserName: playwright-webkit","browserStackConfig":{"platforms":[],"testContextOptions":{}},"playwrightVersion":{}}}
2025-03-17 21:34:18 - [34mdebug[39m: Error in firing request to sdk/v1/event : { message: 'Unauthorized' }
2025-03-17 21:35:11 - [32minfo[39m: Running SDK with args /Users/arcadiobuelvas/.nvm/versions/node/v20.15.0/bin/node /Users/arcadiobuelvas/Desktop/FuseAutomation/node_modules/.bin/browserstack-node-sdk playwright test
2025-03-17 21:35:11 - [32minfo[39m: Reading configs from /Users/arcadiobuelvas/Desktop/FuseAutomation/browserstack.yml
2025-03-17 21:35:11 - [32minfo[39m: SDK run started with id: 3e1f9288-f13a-4bdf-b8c1-dff674fe88c3
2025-03-17 21:35:11 - [31merror[39m: Error: userName or accessKey is not defined
    at new BrowserStackSetup (/Users/arcadiobuelvas/Desktop/FuseAutomation/node_modules/browserstack-node-sdk/src/helpers/BrowserStackSetup.js:1:11199)
    at run (/Users/arcadiobuelvas/Desktop/FuseAutomation/node_modules/browserstack-node-sdk/src/bin/playwright/command.js:2:10096)
    at Object.qZgAe (/Users/arcadiobuelvas/Desktop/FuseAutomation/node_modules/browserstack-node-sdk/src/bin/runner.js:2:1372)
    at captureError (/Users/arcadiobuelvas/Desktop/FuseAutomation/node_modules/browserstack-node-sdk/src/bin/runner.js:2:1537)
    at Object.OktHa (/Users/arcadiobuelvas/Desktop/FuseAutomation/node_modules/browserstack-node-sdk/src/bin/runner.js:2:9229)
    at /Users/arcadiobuelvas/Desktop/FuseAutomation/node_modules/browserstack-node-sdk/src/bin/runner.js:2:9441
    at _.applyBuilderUpdateUsageAndParse (/Users/arcadiobuelvas/Desktop/FuseAutomation/node_modules/yargs/build/index.cjs:1:7435)
    at _.runCommand (/Users/arcadiobuelvas/Desktop/FuseAutomation/node_modules/yargs/build/index.cjs:1:7078)
    at [runYargsParserAndExecuteCommands] (/Users/arcadiobuelvas/Desktop/FuseAutomation/node_modules/yargs/build/index.cjs:1:58539)
    at te.parse (/Users/arcadiobuelvas/Desktop/FuseAutomation/node_modules/yargs/build/index.cjs:1:40478)
2025-03-17 21:35:11 - [34mdebug[39m: requireModuleV3 :: module - @playwright/test/package.json, package - @playwright/test
2025-03-17 21:35:11 - [34mdebug[39m: Resolved from resolveModuleV3 :: Path - /Users/arcadiobuelvas/Desktop/FuseAutomation/node_modules/@playwright/test/package.json
2025-03-17 21:35:11 - [34mdebug[39m: requireModuleV3 :: module - playwright/lib/transform/transform.js, package - playwright
2025-03-17 21:35:11 - [34mdebug[39m: Resolved from resolveModuleV3 :: Path - /Users/arcadiobuelvas/Desktop/FuseAutomation/node_modules/playwright/lib/transform/transform.js
2025-03-17 21:35:11 - [34mdebug[39m: Firing SDK event for funnel data: {"event_type":"SDKTestSuccessful","detectedFramework":"Playwright","optimalHubUrl":[],"event_properties":{"testhub_uuid":"","sdkRunId":"3e1f9288-f13a-4bdf-b8c1-dff674fe88c3","product_map":{"observability":true,"accessibility":false,"percy":false,"automate":true,"app_automate":false,"central_scanner":false},"productMap":{"observability":true,"accessibility":false,"percy":false,"automate":true,"app_automate":false,"central_scanner":false},"language_framework":"unknown","referrer":"Playwright-nodeagent/1.34.44","framework":"playwright","frameworkVersion":"1.51.1","automationFramework":"playwright","automationFrameworkVersion":"1.51.1","language":"nodejs","languageVersion":"v20.15.0","product":["automate","observability"],"buildName":"playwright-js","buildIdentifier":"1","os":"Darwin","hostname":"Arcadios-MacBook-Pro.local","globalException":"userName or accessKey is not defined","browserStackConfig":{"framework":"playwright","platforms":[{"os":"Windows","osVersion":11,"browserName":"chrome","browserVersion":"latest"},{"os":"OS X","osVersion":"Ventura","browserName":"playwright-webkit","browserVersion":"latest"},{"os":"OS X","osVersion":"Monterey","browserName":"playwright-webkit","browserVersion":"latest"},{"os":"OS X","osVersion":"Monterey","browserName":"Edge","browserVersion":"latest"},{"os":"Windows","osVersion":11,"browserName":"playwright-firefox","browserVersion":"latest"},{"os":"Android","deviceName":"Samsung Galaxy S23 Ultra","browserName":"chrome","osVersion":13},{"os":"Android","deviceName":"Samsung Galaxy Tab S9","browserName":"chrome","osVersion":13},{"os":"Android","deviceName":"Google Pixel 5","browserName":"chrome","osVersion":12},{"os":"Android","deviceName":"OnePlus 11R","browserName":"chrome","osVersion":"latest"}],"browserstackLocal":false,"testContextOptions":{"skipSessionStatus":false,"skipSessionName":false},"browserStackLocalOptions":{}},"playwrightVersion":{}}}
2025-03-17 21:35:11 - [34mdebug[39m: Error in firing request to sdk/v1/event : { message: 'Unauthorized' }
2025-03-17 21:42:52 - [32minfo[39m: Running SDK with args /Users/arcadiobuelvas/.nvm/versions/node/v20.15.0/bin/node /Users/arcadiobuelvas/Desktop/FuseAutomation/node_modules/.bin/browserstack-node-sdk playwright test
2025-03-17 21:42:52 - [32minfo[39m: Reading configs from /Users/arcadiobuelvas/Desktop/FuseAutomation/browserstack.yml
2025-03-17 21:42:52 - [32minfo[39m: SDK run started with id: 94968eeb-f9c6-488e-aba1-7c16f47e263d
2025-03-17 21:42:52 - [31merror[39m: Error: userName or accessKey is not defined
    at new BrowserStackSetup (/Users/arcadiobuelvas/Desktop/FuseAutomation/node_modules/browserstack-node-sdk/src/helpers/BrowserStackSetup.js:1:11199)
    at run (/Users/arcadiobuelvas/Desktop/FuseAutomation/node_modules/browserstack-node-sdk/src/bin/playwright/command.js:2:10096)
    at Object.qZgAe (/Users/arcadiobuelvas/Desktop/FuseAutomation/node_modules/browserstack-node-sdk/src/bin/runner.js:2:1372)
    at captureError (/Users/arcadiobuelvas/Desktop/FuseAutomation/node_modules/browserstack-node-sdk/src/bin/runner.js:2:1537)
    at Object.OktHa (/Users/arcadiobuelvas/Desktop/FuseAutomation/node_modules/browserstack-node-sdk/src/bin/runner.js:2:9229)
    at /Users/arcadiobuelvas/Desktop/FuseAutomation/node_modules/browserstack-node-sdk/src/bin/runner.js:2:9441
    at _.applyBuilderUpdateUsageAndParse (/Users/arcadiobuelvas/Desktop/FuseAutomation/node_modules/yargs/build/index.cjs:1:7435)
    at _.runCommand (/Users/arcadiobuelvas/Desktop/FuseAutomation/node_modules/yargs/build/index.cjs:1:7078)
    at [runYargsParserAndExecuteCommands] (/Users/arcadiobuelvas/Desktop/FuseAutomation/node_modules/yargs/build/index.cjs:1:58539)
    at te.parse (/Users/arcadiobuelvas/Desktop/FuseAutomation/node_modules/yargs/build/index.cjs:1:40478)
2025-03-17 21:42:52 - [34mdebug[39m: requireModuleV3 :: module - @playwright/test/package.json, package - @playwright/test
2025-03-17 21:42:52 - [34mdebug[39m: Resolved from resolveModuleV3 :: Path - /Users/arcadiobuelvas/Desktop/FuseAutomation/node_modules/@playwright/test/package.json
2025-03-17 21:42:52 - [34mdebug[39m: requireModuleV3 :: module - playwright/lib/transform/transform.js, package - playwright
2025-03-17 21:42:52 - [34mdebug[39m: Resolved from resolveModuleV3 :: Path - /Users/arcadiobuelvas/Desktop/FuseAutomation/node_modules/playwright/lib/transform/transform.js
2025-03-17 21:42:52 - [34mdebug[39m: Firing SDK event for funnel data: {"event_type":"SDKTestSuccessful","detectedFramework":"Playwright","optimalHubUrl":[],"event_properties":{"testhub_uuid":"","sdkRunId":"94968eeb-f9c6-488e-aba1-7c16f47e263d","product_map":{"observability":true,"accessibility":false,"percy":false,"automate":true,"app_automate":false,"central_scanner":false},"productMap":{"observability":true,"accessibility":false,"percy":false,"automate":true,"app_automate":false,"central_scanner":false},"language_framework":"unknown","referrer":"Playwright-nodeagent/1.34.44","framework":"playwright","frameworkVersion":"1.51.1","automationFramework":"playwright","automationFrameworkVersion":"1.51.1","language":"nodejs","languageVersion":"v20.15.0","product":["automate","observability"],"buildName":"playwright-js","buildIdentifier":"2","os":"Darwin","hostname":"Arcadios-MacBook-Pro.local","globalException":"userName or accessKey is not defined","browserStackConfig":{"framework":"playwright","platforms":[{"os":"Windows","osVersion":11,"browserName":"chrome","browserVersion":"latest"},{"os":"OS X","osVersion":"Ventura","browserName":"playwright-webkit","browserVersion":"latest"},{"os":"OS X","osVersion":"Monterey","browserName":"playwright-webkit","browserVersion":"latest"},{"os":"OS X","osVersion":"Monterey","browserName":"Edge","browserVersion":"latest"},{"os":"Windows","osVersion":11,"browserName":"playwright-firefox","browserVersion":"latest"},{"os":"Android","deviceName":"Samsung Galaxy S23 Ultra","browserName":"chrome","osVersion":13},{"os":"Android","deviceName":"Samsung Galaxy Tab S9","browserName":"chrome","osVersion":13},{"os":"Android","deviceName":"Google Pixel 5","browserName":"chrome","osVersion":12},{"os":"Android","deviceName":"OnePlus 11R","browserName":"chrome","osVersion":"latest"}],"browserstackLocal":false,"testContextOptions":{"skipSessionStatus":false,"skipSessionName":false},"browserStackLocalOptions":{}},"playwrightVersion":{}}}
2025-03-17 21:42:52 - [34mdebug[39m: Error in firing request to sdk/v1/event : { message: 'Unauthorized' }
2025-03-17 21:57:56 - [32minfo[39m: Running SDK with args /Users/arcadiobuelvas/.nvm/versions/node/v20.15.0/bin/node /Users/arcadiobuelvas/Desktop/FuseAutomation/node_modules/.bin/browserstack-node-sdk playwright test --grep @hotels
2025-03-17 21:57:56 - [32minfo[39m: Reading configs from /Users/arcadiobuelvas/Desktop/FuseAutomation/browserstack.yml
2025-03-17 21:57:56 - [32minfo[39m: SDK run started with id: ac622d99-5390-422d-ab62-4ced58fc5044
2025-03-17 21:57:56 - [31merror[39m: Error: userName or accessKey is not defined
    at new BrowserStackSetup (/Users/arcadiobuelvas/Desktop/FuseAutomation/node_modules/browserstack-node-sdk/src/helpers/BrowserStackSetup.js:1:11199)
    at run (/Users/arcadiobuelvas/Desktop/FuseAutomation/node_modules/browserstack-node-sdk/src/bin/playwright/command.js:2:10096)
    at Object.qZgAe (/Users/arcadiobuelvas/Desktop/FuseAutomation/node_modules/browserstack-node-sdk/src/bin/runner.js:2:1372)
    at captureError (/Users/arcadiobuelvas/Desktop/FuseAutomation/node_modules/browserstack-node-sdk/src/bin/runner.js:2:1537)
    at Object.OktHa (/Users/arcadiobuelvas/Desktop/FuseAutomation/node_modules/browserstack-node-sdk/src/bin/runner.js:2:9229)
    at /Users/arcadiobuelvas/Desktop/FuseAutomation/node_modules/browserstack-node-sdk/src/bin/runner.js:2:9441
    at _.applyBuilderUpdateUsageAndParse (/Users/arcadiobuelvas/Desktop/FuseAutomation/node_modules/yargs/build/index.cjs:1:7435)
    at _.runCommand (/Users/arcadiobuelvas/Desktop/FuseAutomation/node_modules/yargs/build/index.cjs:1:7078)
    at [runYargsParserAndExecuteCommands] (/Users/arcadiobuelvas/Desktop/FuseAutomation/node_modules/yargs/build/index.cjs:1:58539)
    at te.parse (/Users/arcadiobuelvas/Desktop/FuseAutomation/node_modules/yargs/build/index.cjs:1:40478)
2025-03-17 21:57:56 - [34mdebug[39m: requireModuleV3 :: module - @playwright/test/package.json, package - @playwright/test
2025-03-17 21:57:56 - [34mdebug[39m: Resolved from resolveModuleV3 :: Path - /Users/arcadiobuelvas/Desktop/FuseAutomation/node_modules/@playwright/test/package.json
2025-03-17 21:57:56 - [34mdebug[39m: requireModuleV3 :: module - playwright/lib/transform/transform.js, package - playwright
2025-03-17 21:57:56 - [34mdebug[39m: Resolved from resolveModuleV3 :: Path - /Users/arcadiobuelvas/Desktop/FuseAutomation/node_modules/playwright/lib/transform/transform.js
2025-03-17 21:57:56 - [34mdebug[39m: Firing SDK event for funnel data: {"event_type":"SDKTestSuccessful","detectedFramework":"Playwright","optimalHubUrl":[],"event_properties":{"testhub_uuid":"","sdkRunId":"ac622d99-5390-422d-ab62-4ced58fc5044","product_map":{"observability":true,"accessibility":false,"percy":false,"automate":true,"app_automate":false,"central_scanner":false},"productMap":{"observability":true,"accessibility":false,"percy":false,"automate":true,"app_automate":false,"central_scanner":false},"language_framework":"unknown","referrer":"Playwright-nodeagent/1.34.44","framework":"playwright","frameworkVersion":"1.51.1","automationFramework":"playwright","automationFrameworkVersion":"1.51.1","language":"nodejs","languageVersion":"v20.15.0","product":["automate","observability"],"buildName":"playwright-ts","buildIdentifier":"1","os":"Darwin","hostname":"Arcadios-MacBook-Pro.local","globalException":"userName or accessKey is not defined","browserStackConfig":{"framework":"playwright","platforms":[{"os":"Windows","osVersion":11,"browserName":"chrome","browserVersion":"latest"}],"browserstackLocal":false,"testContextOptions":{"skipSessionStatus":false,"skipSessionName":false},"browserStackLocalOptions":{}},"playwrightVersion":{}}}
2025-03-17 21:57:57 - [34mdebug[39m: Error in firing request to sdk/v1/event : { message: 'Unauthorized' }
2025-03-17 22:04:50 - [32minfo[39m: Running SDK with args /Users/arcadiobuelvas/.nvm/versions/node/v20.15.0/bin/node /Users/arcadiobuelvas/Desktop/FuseAutomation/node_modules/.bin/browserstack-node-sdk playwright test --grep @hotels --reporter=list --reporter=allure-playwright
2025-03-17 22:04:50 - [32minfo[39m: Reading configs from /Users/arcadiobuelvas/Desktop/FuseAutomation/browserstack.yml
2025-03-17 22:04:50 - [32minfo[39m: SDK run started with id: 7ee47199-27af-488c-9919-fdadba275c87
2025-03-17 22:04:50 - [31merror[39m: Error: userName or accessKey is not defined
    at new BrowserStackSetup (/Users/arcadiobuelvas/Desktop/FuseAutomation/node_modules/browserstack-node-sdk/src/helpers/BrowserStackSetup.js:1:11199)
    at run (/Users/arcadiobuelvas/Desktop/FuseAutomation/node_modules/browserstack-node-sdk/src/bin/playwright/command.js:2:10096)
    at Object.qZgAe (/Users/arcadiobuelvas/Desktop/FuseAutomation/node_modules/browserstack-node-sdk/src/bin/runner.js:2:1372)
    at captureError (/Users/arcadiobuelvas/Desktop/FuseAutomation/node_modules/browserstack-node-sdk/src/bin/runner.js:2:1537)
    at Object.OktHa (/Users/arcadiobuelvas/Desktop/FuseAutomation/node_modules/browserstack-node-sdk/src/bin/runner.js:2:9229)
    at /Users/arcadiobuelvas/Desktop/FuseAutomation/node_modules/browserstack-node-sdk/src/bin/runner.js:2:9441
    at _.applyBuilderUpdateUsageAndParse (/Users/arcadiobuelvas/Desktop/FuseAutomation/node_modules/yargs/build/index.cjs:1:7435)
    at _.runCommand (/Users/arcadiobuelvas/Desktop/FuseAutomation/node_modules/yargs/build/index.cjs:1:7078)
    at [runYargsParserAndExecuteCommands] (/Users/arcadiobuelvas/Desktop/FuseAutomation/node_modules/yargs/build/index.cjs:1:58539)
    at te.parse (/Users/arcadiobuelvas/Desktop/FuseAutomation/node_modules/yargs/build/index.cjs:1:40478)
2025-03-17 22:04:50 - [34mdebug[39m: requireModuleV3 :: module - @playwright/test/package.json, package - @playwright/test
2025-03-17 22:04:50 - [34mdebug[39m: Resolved from resolveModuleV3 :: Path - /Users/arcadiobuelvas/Desktop/FuseAutomation/node_modules/@playwright/test/package.json
2025-03-17 22:04:50 - [34mdebug[39m: requireModuleV3 :: module - playwright/lib/transform/transform.js, package - playwright
2025-03-17 22:04:50 - [34mdebug[39m: Resolved from resolveModuleV3 :: Path - /Users/arcadiobuelvas/Desktop/FuseAutomation/node_modules/playwright/lib/transform/transform.js
2025-03-17 22:04:50 - [34mdebug[39m: Firing SDK event for funnel data: {"event_type":"SDKTestSuccessful","detectedFramework":"Playwright","optimalHubUrl":[],"event_properties":{"testhub_uuid":"","sdkRunId":"7ee47199-27af-488c-9919-fdadba275c87","product_map":{"observability":true,"accessibility":false,"percy":false,"automate":true,"app_automate":false,"central_scanner":false},"productMap":{"observability":true,"accessibility":false,"percy":false,"automate":true,"app_automate":false,"central_scanner":false},"language_framework":"unknown","referrer":"Playwright-nodeagent/1.34.44","framework":"playwright","frameworkVersion":"1.51.1","automationFramework":"playwright","automationFrameworkVersion":"1.51.1","language":"nodejs","languageVersion":"v20.15.0","product":["automate","observability"],"buildName":"playwright-ts","buildIdentifier":"2","os":"Darwin","hostname":"Arcadios-MacBook-Pro.local","globalException":"userName or accessKey is not defined","browserStackConfig":{"framework":"playwright","platforms":[{"os":"Windows","osVersion":11,"browserName":"chrome","browserVersion":"latest"}],"browserstackLocal":false,"testContextOptions":{"skipSessionStatus":false,"skipSessionName":false},"browserStackLocalOptions":{}},"playwrightVersion":{}}}
2025-03-17 22:04:51 - [34mdebug[39m: Error in firing request to sdk/v1/event : { message: 'Unauthorized' }
2025-03-17 22:28:14 - [32minfo[39m: Running SDK with args /Users/arcadiobuelvas/.nvm/versions/node/v20.15.0/bin/node /Users/arcadiobuelvas/Desktop/FuseAutomation/node_modules/.bin/browserstack-node-sdk playwright test --grep @hotels
2025-03-17 22:28:14 - [32minfo[39m: Reading configs from /Users/arcadiobuelvas/Desktop/FuseAutomation/browserstack.yml
2025-03-17 22:28:14 - [32minfo[39m: SDK run started with id: 1630bbee-00b5-4293-b045-ac8cb2ddf18a
2025-03-17 22:28:14 - [31merror[39m: Error: userName or accessKey is not defined
    at new BrowserStackSetup (/Users/arcadiobuelvas/Desktop/FuseAutomation/node_modules/browserstack-node-sdk/src/helpers/BrowserStackSetup.js:1:11199)
    at run (/Users/arcadiobuelvas/Desktop/FuseAutomation/node_modules/browserstack-node-sdk/src/bin/playwright/command.js:2:10096)
    at Object.qZgAe (/Users/arcadiobuelvas/Desktop/FuseAutomation/node_modules/browserstack-node-sdk/src/bin/runner.js:2:1372)
    at captureError (/Users/arcadiobuelvas/Desktop/FuseAutomation/node_modules/browserstack-node-sdk/src/bin/runner.js:2:1537)
    at Object.OktHa (/Users/arcadiobuelvas/Desktop/FuseAutomation/node_modules/browserstack-node-sdk/src/bin/runner.js:2:9229)
    at /Users/arcadiobuelvas/Desktop/FuseAutomation/node_modules/browserstack-node-sdk/src/bin/runner.js:2:9441
    at _.applyBuilderUpdateUsageAndParse (/Users/arcadiobuelvas/Desktop/FuseAutomation/node_modules/yargs/build/index.cjs:1:7435)
    at _.runCommand (/Users/arcadiobuelvas/Desktop/FuseAutomation/node_modules/yargs/build/index.cjs:1:7078)
    at [runYargsParserAndExecuteCommands] (/Users/arcadiobuelvas/Desktop/FuseAutomation/node_modules/yargs/build/index.cjs:1:58539)
    at te.parse (/Users/arcadiobuelvas/Desktop/FuseAutomation/node_modules/yargs/build/index.cjs:1:40478)
2025-03-17 22:28:14 - [34mdebug[39m: requireModuleV3 :: module - @playwright/test/package.json, package - @playwright/test
2025-03-17 22:28:14 - [34mdebug[39m: Resolved from resolveModuleV3 :: Path - /Users/arcadiobuelvas/Desktop/FuseAutomation/node_modules/@playwright/test/package.json
2025-03-17 22:28:14 - [34mdebug[39m: requireModuleV3 :: module - playwright/lib/transform/transform.js, package - playwright
2025-03-17 22:28:14 - [34mdebug[39m: Resolved from resolveModuleV3 :: Path - /Users/arcadiobuelvas/Desktop/FuseAutomation/node_modules/playwright/lib/transform/transform.js
2025-03-17 22:28:14 - [34mdebug[39m: Firing SDK event for funnel data: {"event_type":"SDKTestSuccessful","detectedFramework":"Playwright","optimalHubUrl":[],"event_properties":{"testhub_uuid":"","sdkRunId":"1630bbee-00b5-4293-b045-ac8cb2ddf18a","product_map":{"observability":true,"accessibility":false,"percy":false,"automate":true,"app_automate":false,"central_scanner":false},"productMap":{"observability":true,"accessibility":false,"percy":false,"automate":true,"app_automate":false,"central_scanner":false},"language_framework":"unknown","referrer":"Playwright-nodeagent/1.34.44","framework":"playwright","frameworkVersion":"1.51.1","automationFramework":"playwright","automationFrameworkVersion":"1.51.1","language":"nodejs","languageVersion":"v20.15.0","product":["automate","observability"],"buildName":"playwright-ts","buildIdentifier":"3","os":"Darwin","hostname":"Arcadios-MacBook-Pro.local","globalException":"userName or accessKey is not defined","browserStackConfig":{"framework":"playwright","platforms":[{"os":"Windows","osVersion":11,"browserName":"chrome","browserVersion":"latest"}],"browserstackLocal":false,"testContextOptions":{"skipSessionStatus":false,"skipSessionName":false},"browserStackLocalOptions":{}},"playwrightVersion":{}}}
2025-03-17 22:28:14 - [34mdebug[39m: Error in firing request to sdk/v1/event : { message: 'Unauthorized' }
